{"/home/analista/Documentos/Technical NestJs + Reactjs/Technical-Test-NestJS-React/app/backend/src/app.module.ts": {"path":"/home/analista/Documentos/Technical NestJs + Reactjs/Technical-Test-NestJS-React/app/backend/src/app.module.ts","statementMap":{"0":{"start":{"line":1,"column":0},"end":{"line":1,"column":40}},"1":{"start":{"line":2,"column":0},"end":{"line":2,"column":54}},"2":{"start":{"line":7,"column":7},"end":{"line":7,"column":null}},"3":{"start":{"line":7,"column":13},"end":{"line":7,"column":22}},"4":{"start":{"line":7,"column":13},"end":{"line":7,"column":null}}},"fnMap":{},"branchMap":{},"s":{"0":0,"1":0,"2":0,"3":0,"4":0},"f":{},"b":{}}
,"/home/analista/Documentos/Technical NestJs + Reactjs/Technical-Test-NestJS-React/app/backend/src/main.ts": {"path":"/home/analista/Documentos/Technical NestJs + Reactjs/Technical-Test-NestJS-React/app/backend/src/main.ts","statementMap":{"0":{"start":{"line":1,"column":0},"end":{"line":1,"column":54}},"1":{"start":{"line":2,"column":0},"end":{"line":2,"column":60}},"2":{"start":{"line":3,"column":0},"end":{"line":3,"column":41}},"3":{"start":{"line":4,"column":0},"end":{"line":4,"column":65}},"4":{"start":{"line":7,"column":14},"end":{"line":7,"column":49}},"5":{"start":{"line":10,"column":2},"end":{"line":13,"column":5}},"6":{"start":{"line":18,"column":2},"end":{"line":18,"column":80}},"7":{"start":{"line":21,"column":17},"end":{"line":30,"column":12}},"8":{"start":{"line":32,"column":19},"end":{"line":32,"column":60}},"9":{"start":{"line":33,"column":2},"end":{"line":39,"column":5}},"10":{"start":{"line":41,"column":15},"end":{"line":41,"column":39}},"11":{"start":{"line":42,"column":2},"end":{"line":42,"column":25}},"12":{"start":{"line":43,"column":2},"end":{"line":43,"column":67}},"13":{"start":{"line":44,"column":2},"end":{"line":44,"column":78}},"14":{"start":{"line":45,"column":2},"end":{"line":45,"column":76}},"15":{"start":{"line":48,"column":0},"end":{"line":48,"column":17}}},"fnMap":{"0":{"name":"bootstrap","decl":{"start":{"line":6,"column":15},"end":{"line":6,"column":24}},"loc":{"start":{"line":6,"column":24},"end":{"line":46,"column":1}}}},"branchMap":{"0":{"loc":{"start":{"line":41,"column":15},"end":{"line":41,"column":39}},"type":"binary-expr","locations":[{"start":{"line":41,"column":15},"end":{"line":41,"column":31}},{"start":{"line":41,"column":35},"end":{"line":41,"column":39}}]}},"s":{"0":0,"1":0,"2":0,"3":0,"4":0,"5":0,"6":0,"7":0,"8":0,"9":0,"10":0,"11":0,"12":0,"13":0,"14":0,"15":0},"f":{"0":0},"b":{"0":[0,0]}}
,"/home/analista/Documentos/Technical NestJs + Reactjs/Technical-Test-NestJS-React/app/backend/src/videos/videos.controller.ts": {"path":"/home/analista/Documentos/Technical NestJs + Reactjs/Technical-Test-NestJS-React/app/backend/src/videos/videos.controller.ts","statementMap":{"0":{"start":{"line":1,"column":0},"end":{"line":1,"column":78}},"1":{"start":{"line":2,"column":0},"end":{"line":2,"column":79}},"2":{"start":{"line":3,"column":0},"end":{"line":3,"column":49}},"3":{"start":{"line":4,"column":0},"end":{"line":4,"column":60}},"4":{"start":{"line":5,"column":0},"end":{"line":5,"column":54}},"5":{"start":{"line":9,"column":7},"end":{"line":59,"column":null}},"6":{"start":{"line":10,"column":31},"end":{"line":10,"column":46}},"7":{"start":{"line":57,"column":4},"end":{"line":57,"column":45}},"8":{"start":{"line":9,"column":13},"end":{"line":9,"column":29}},"9":{"start":{"line":56,"column":2},"end":{"line":58,"column":null}},"10":{"start":{"line":9,"column":13},"end":{"line":59,"column":null}}},"fnMap":{"0":{"name":"(anonymous_4)","decl":{"start":{"line":10,"column":2},"end":{"line":10,"column":31}},"loc":{"start":{"line":10,"column":59},"end":{"line":10,"column":63}}},"1":{"name":"(anonymous_5)","decl":{"start":{"line":56,"column":2},"end":{"line":56,"column":9}},"loc":{"start":{"line":56,"column":39},"end":{"line":58,"column":3}}}},"branchMap":{"0":{"loc":{"start":{"line":56,"column":26},"end":{"line":56,"column":null}},"type":"cond-expr","locations":[{"start":{"line":56,"column":39},"end":{"line":56,"column":null}},{"start":{"line":56,"column":39},"end":{"line":56,"column":null}}]},"1":{"loc":{"start":{"line":56,"column":26},"end":{"line":56,"column":39}},"type":"binary-expr","locations":[{"start":{"line":56,"column":26},"end":{"line":56,"column":null}},{"start":{"line":56,"column":26},"end":{"line":56,"column":39}}]},"2":{"loc":{"start":{"line":10,"column":46},"end":{"line":10,"column":62}},"type":"cond-expr","locations":[{"start":{"line":10,"column":59},"end":{"line":10,"column":62}},{"start":{"line":10,"column":59},"end":{"line":10,"column":62}}]},"3":{"loc":{"start":{"line":10,"column":46},"end":{"line":10,"column":59}},"type":"binary-expr","locations":[{"start":{"line":10,"column":46},"end":{"line":10,"column":62}},{"start":{"line":10,"column":46},"end":{"line":10,"column":59}}]}},"s":{"0":0,"1":0,"2":0,"3":0,"4":0,"5":0,"6":0,"7":0,"8":0,"9":0,"10":0},"f":{"0":0,"1":0},"b":{"0":[0,0],"1":[0,0],"2":[0,0],"3":[0,0]}}
,"/home/analista/Documentos/Technical NestJs + Reactjs/Technical-Test-NestJS-React/app/backend/src/videos/videos.module.ts": {"path":"/home/analista/Documentos/Technical NestJs + Reactjs/Technical-Test-NestJS-React/app/backend/src/videos/videos.module.ts","statementMap":{"0":{"start":{"line":1,"column":0},"end":{"line":1,"column":40}},"1":{"start":{"line":2,"column":0},"end":{"line":2,"column":55}},"2":{"start":{"line":3,"column":0},"end":{"line":3,"column":49}},"3":{"start":{"line":9,"column":7},"end":{"line":9,"column":null}},"4":{"start":{"line":9,"column":13},"end":{"line":9,"column":25}},"5":{"start":{"line":9,"column":13},"end":{"line":9,"column":null}}},"fnMap":{},"branchMap":{},"s":{"0":0,"1":0,"2":0,"3":0,"4":0,"5":0},"f":{},"b":{}}
,"/home/analista/Documentos/Technical NestJs + Reactjs/Technical-Test-NestJS-React/app/backend/src/videos/videos.service.ts": {"path":"/home/analista/Documentos/Technical NestJs + Reactjs/Technical-Test-NestJS-React/app/backend/src/videos/videos.service.ts","statementMap":{"0":{"start":{"line":1,"column":0},"end":{"line":1,"column":null}},"1":{"start":{"line":6,"column":0},"end":{"line":6,"column":25}},"2":{"start":{"line":7,"column":0},"end":{"line":7,"column":29}},"3":{"start":{"line":12,"column":0},"end":{"line":12,"column":60}},"4":{"start":{"line":16,"column":26},"end":{"line":170,"column":null}},"5":{"start":{"line":17,"column":28},"end":{"line":17,"column":58}},"6":{"start":{"line":24,"column":20},"end":{"line":24,"column":39}},"7":{"start":{"line":25,"column":17},"end":{"line":25,"column":71}},"8":{"start":{"line":25,"column":45},"end":{"line":25,"column":70}},"9":{"start":{"line":28,"column":4},"end":{"line":31,"column":5}},"10":{"start":{"line":29,"column":16},"end":{"line":29,"column":49}},"11":{"start":{"line":30,"column":6},"end":{"line":30,"column":71}},"12":{"start":{"line":30,"column":36},"end":{"line":30,"column":69}},"13":{"start":{"line":34,"column":4},"end":{"line":34,"column":64}},"14":{"start":{"line":36,"column":4},"end":{"line":36,"column":18}},"15":{"start":{"line":45,"column":4},"end":{"line":66,"column":7}},"16":{"start":{"line":46,"column":6},"end":{"line":65,"column":7}},"17":{"start":{"line":48,"column":10},"end":{"line":48,"column":43}},"18":{"start":{"line":50,"column":10},"end":{"line":50,"column":43}},"19":{"start":{"line":52,"column":10},"end":{"line":55,"column":12}},"20":{"start":{"line":57,"column":10},"end":{"line":60,"column":12}},"21":{"start":{"line":62,"column":10},"end":{"line":62,"column":54}},"22":{"start":{"line":64,"column":10},"end":{"line":64,"column":19}},"23":{"start":{"line":70,"column":4},"end":{"line":80,"column":5}},"24":{"start":{"line":72,"column":23},"end":{"line":72,"column":72}},"25":{"start":{"line":73,"column":18},"end":{"line":73,"column":52}},"26":{"start":{"line":74,"column":6},"end":{"line":74,"column":51}},"27":{"start":{"line":76,"column":6},"end":{"line":76,"column":75}},"28":{"start":{"line":77,"column":6},"end":{"line":79,"column":8}},"29":{"start":{"line":84,"column":22},"end":{"line":84,"column":46}},"30":{"start":{"line":85,"column":24},"end":{"line":85,"column":70}},"31":{"start":{"line":87,"column":4},"end":{"line":95,"column":7}},"32":{"start":{"line":106,"column":36},"end":{"line":106,"column":40}},"33":{"start":{"line":109,"column":4},"end":{"line":114,"column":5}},"34":{"start":{"line":113,"column":6},"end":{"line":113,"column":15}},"35":{"start":{"line":116,"column":18},"end":{"line":116,"column":46}},"36":{"start":{"line":117,"column":18},"end":{"line":117,"column":46}},"37":{"start":{"line":118,"column":21},"end":{"line":118,"column":52}},"38":{"start":{"line":121,"column":4},"end":{"line":123,"column":5}},"39":{"start":{"line":122,"column":6},"end":{"line":122,"column":15}},"40":{"start":{"line":125,"column":15},"end":{"line":125,"column":41}},"41":{"start":{"line":128,"column":4},"end":{"line":130,"column":5}},"42":{"start":{"line":129,"column":6},"end":{"line":129,"column":16}},"43":{"start":{"line":133,"column":4},"end":{"line":133,"column":44}},"44":{"start":{"line":142,"column":16},"end":{"line":142,"column":26}},"45":{"start":{"line":143,"column":22},"end":{"line":143,"column":39}},"46":{"start":{"line":144,"column":19},"end":{"line":144,"column":54}},"47":{"start":{"line":146,"column":20},"end":{"line":146,"column":45}},"48":{"start":{"line":147,"column":20},"end":{"line":147,"column":44}},"49":{"start":{"line":148,"column":18},"end":{"line":148,"column":42}},"50":{"start":{"line":149,"column":17},"end":{"line":149,"column":39}},"51":{"start":{"line":150,"column":19},"end":{"line":150,"column":40}},"52":{"start":{"line":151,"column":18},"end":{"line":151,"column":40}},"53":{"start":{"line":153,"column":4},"end":{"line":155,"column":5}},"54":{"start":{"line":154,"column":6},"end":{"line":154,"column":63}},"55":{"start":{"line":156,"column":4},"end":{"line":158,"column":5}},"56":{"start":{"line":157,"column":6},"end":{"line":157,"column":66}},"57":{"start":{"line":159,"column":4},"end":{"line":161,"column":5}},"58":{"start":{"line":160,"column":6},"end":{"line":160,"column":61}},"59":{"start":{"line":162,"column":4},"end":{"line":164,"column":5}},"60":{"start":{"line":163,"column":6},"end":{"line":163,"column":65}},"61":{"start":{"line":165,"column":4},"end":{"line":167,"column":5}},"62":{"start":{"line":166,"column":6},"end":{"line":166,"column":73}},"63":{"start":{"line":168,"column":4},"end":{"line":168,"column":32}},"64":{"start":{"line":16,"column":13},"end":{"line":16,"column":26}},"65":{"start":{"line":16,"column":13},"end":{"line":170,"column":null}}},"fnMap":{"0":{"name":"(anonymous_10)","decl":{"start":{"line":23,"column":2},"end":{"line":23,"column":9}},"loc":{"start":{"line":23,"column":35},"end":{"line":37,"column":3}}},"1":{"name":"(anonymous_11)","decl":{"start":{"line":25,"column":35},"end":{"line":25,"column":36}},"loc":{"start":{"line":25,"column":45},"end":{"line":25,"column":70}}},"2":{"name":"(anonymous_12)","decl":{"start":{"line":30,"column":29},"end":{"line":30,"column":30}},"loc":{"start":{"line":30,"column":36},"end":{"line":30,"column":69}}},"3":{"name":"(anonymous_13)","decl":{"start":{"line":41,"column":10},"end":{"line":41,"column":20}},"loc":{"start":{"line":43,"column":17},"end":{"line":67,"column":3}}},"4":{"name":"(anonymous_14)","decl":{"start":{"line":45,"column":28},"end":{"line":45,"column":29}},"loc":{"start":{"line":45,"column":37},"end":{"line":66,"column":5}}},"5":{"name":"(anonymous_15)","decl":{"start":{"line":69,"column":10},"end":{"line":69,"column":22}},"loc":{"start":{"line":69,"column":22},"end":{"line":81,"column":3}}},"6":{"name":"(anonymous_16)","decl":{"start":{"line":83,"column":10},"end":{"line":83,"column":24}},"loc":{"start":{"line":83,"column":47},"end":{"line":96,"column":3}}},"7":{"name":"(anonymous_17)","decl":{"start":{"line":105,"column":2},"end":{"line":105,"column":15}},"loc":{"start":{"line":105,"column":38},"end":{"line":134,"column":3}}},"8":{"name":"(anonymous_18)","decl":{"start":{"line":141,"column":2},"end":{"line":141,"column":17}},"loc":{"start":{"line":141,"column":33},"end":{"line":169,"column":3}}}},"branchMap":{"0":{"loc":{"start":{"line":23,"column":10},"end":{"line":23,"column":35}},"type":"default-arg","locations":[{"start":{"line":23,"column":33},"end":{"line":23,"column":35}}]},"1":{"loc":{"start":{"line":28,"column":4},"end":{"line":31,"column":5}},"type":"if","locations":[{"start":{"line":28,"column":4},"end":{"line":31,"column":5}},{"start":{},"end":{}}]},"2":{"loc":{"start":{"line":34,"column":37},"end":{"line":34,"column":62}},"type":"binary-expr","locations":[{"start":{"line":34,"column":37},"end":{"line":34,"column":47}},{"start":{"line":34,"column":51},"end":{"line":34,"column":62}}]},"3":{"loc":{"start":{"line":46,"column":6},"end":{"line":65,"column":7}},"type":"switch","locations":[{"start":{"line":47,"column":8},"end":{"line":48,"column":43}},{"start":{"line":49,"column":8},"end":{"line":50,"column":43}},{"start":{"line":51,"column":8},"end":{"line":55,"column":12}},{"start":{"line":56,"column":8},"end":{"line":60,"column":12}},{"start":{"line":61,"column":8},"end":{"line":62,"column":54}},{"start":{"line":63,"column":8},"end":{"line":64,"column":19}}]},"4":{"loc":{"start":{"line":109,"column":4},"end":{"line":114,"column":5}},"type":"if","locations":[{"start":{"line":109,"column":4},"end":{"line":114,"column":5}},{"start":{},"end":{}}]},"5":{"loc":{"start":{"line":110,"column":6},"end":{"line":111,"column":43}},"type":"binary-expr","locations":[{"start":{"line":110,"column":6},"end":{"line":110,"column":37}},{"start":{"line":111,"column":6},"end":{"line":111,"column":43}}]},"6":{"loc":{"start":{"line":121,"column":4},"end":{"line":123,"column":5}},"type":"if","locations":[{"start":{"line":121,"column":4},"end":{"line":123,"column":5}},{"start":{},"end":{}}]},"7":{"loc":{"start":{"line":128,"column":4},"end":{"line":130,"column":5}},"type":"if","locations":[{"start":{"line":128,"column":4},"end":{"line":130,"column":5}},{"start":{},"end":{}}]},"8":{"loc":{"start":{"line":153,"column":4},"end":{"line":155,"column":5}},"type":"if","locations":[{"start":{"line":153,"column":4},"end":{"line":155,"column":5}},{"start":{},"end":{}}]},"9":{"loc":{"start":{"line":154,"column":13},"end":{"line":154,"column":62}},"type":"cond-expr","locations":[{"start":{"line":154,"column":27},"end":{"line":154,"column":39}},{"start":{"line":154,"column":42},"end":{"line":154,"column":62}}]},"10":{"loc":{"start":{"line":156,"column":4},"end":{"line":158,"column":5}},"type":"if","locations":[{"start":{"line":156,"column":4},"end":{"line":158,"column":5}},{"start":{},"end":{}}]},"11":{"loc":{"start":{"line":157,"column":13},"end":{"line":157,"column":65}},"type":"cond-expr","locations":[{"start":{"line":157,"column":28},"end":{"line":157,"column":40}},{"start":{"line":157,"column":43},"end":{"line":157,"column":65}}]},"12":{"loc":{"start":{"line":159,"column":4},"end":{"line":161,"column":5}},"type":"if","locations":[{"start":{"line":159,"column":4},"end":{"line":161,"column":5}},{"start":{},"end":{}}]},"13":{"loc":{"start":{"line":160,"column":13},"end":{"line":160,"column":60}},"type":"cond-expr","locations":[{"start":{"line":160,"column":26},"end":{"line":160,"column":38}},{"start":{"line":160,"column":41},"end":{"line":160,"column":60}}]},"14":{"loc":{"start":{"line":162,"column":4},"end":{"line":164,"column":5}},"type":"if","locations":[{"start":{"line":162,"column":4},"end":{"line":164,"column":5}},{"start":{},"end":{}}]},"15":{"loc":{"start":{"line":163,"column":13},"end":{"line":163,"column":64}},"type":"cond-expr","locations":[{"start":{"line":163,"column":27},"end":{"line":163,"column":40}},{"start":{"line":163,"column":43},"end":{"line":163,"column":64}}]},"16":{"loc":{"start":{"line":165,"column":4},"end":{"line":167,"column":5}},"type":"if","locations":[{"start":{"line":165,"column":4},"end":{"line":167,"column":5}},{"start":{},"end":{}}]},"17":{"loc":{"start":{"line":166,"column":13},"end":{"line":166,"column":72}},"type":"cond-expr","locations":[{"start":{"line":166,"column":29},"end":{"line":166,"column":44}},{"start":{"line":166,"column":47},"end":{"line":166,"column":72}}]}},"s":{"0":1,"1":1,"2":1,"3":1,"4":1,"5":17,"6":0,"7":0,"8":0,"9":0,"10":0,"11":0,"12":0,"13":0,"14":0,"15":0,"16":0,"17":0,"18":0,"19":0,"20":0,"21":0,"22":0,"23":0,"24":0,"25":0,"26":0,"27":0,"28":0,"29":0,"30":0,"31":0,"32":8,"33":8,"34":2,"35":6,"36":6,"37":6,"38":6,"39":1,"40":5,"41":5,"42":3,"43":5,"44":9,"45":9,"46":9,"47":9,"48":9,"49":9,"50":9,"51":9,"52":9,"53":9,"54":2,"55":7,"56":2,"57":5,"58":2,"59":3,"60":0,"61":3,"62":2,"63":1,"64":1,"65":1},"f":{"0":0,"1":0,"2":0,"3":0,"4":0,"5":0,"6":0,"7":8,"8":9},"b":{"0":[0],"1":[0,0],"2":[0,0],"3":[0,0,0,0,0,0],"4":[2,6],"5":[8,6],"6":[1,5],"7":[3,2],"8":[2,7],"9":[1,1],"10":[2,5],"11":[1,1],"12":[2,3],"13":[1,1],"14":[0,3],"15":[0,0],"16":[2,1],"17":[1,1]}}
,"/home/analista/Documentos/Technical NestJs + Reactjs/Technical-Test-NestJS-React/app/backend/src/videos/dto/video-query.dto.ts": {"path":"/home/analista/Documentos/Technical NestJs + Reactjs/Technical-Test-NestJS-React/app/backend/src/videos/dto/video-query.dto.ts","statementMap":{"0":{"start":{"line":1,"column":0},"end":{"line":1,"column":61}},"1":{"start":{"line":2,"column":0},"end":{"line":2,"column":54}},"2":{"start":{"line":19,"column":19},"end":{"line":19,"column":30}},"3":{"start":{"line":11,"column":0},"end":{"line":11,"column":13}},"4":{"start":{"line":19,"column":2},"end":{"line":19,"column":null}},"5":{"start":{"line":27,"column":2},"end":{"line":27,"column":null}}},"fnMap":{},"branchMap":{},"s":{"0":0,"1":0,"2":0,"3":0,"4":0,"5":0},"f":{},"b":{}}
,"/home/analista/Documentos/Technical NestJs + Reactjs/Technical-Test-NestJS-React/app/backend/src/videos/dto/video-response.dto.ts": {"path":"/home/analista/Documentos/Technical NestJs + Reactjs/Technical-Test-NestJS-React/app/backend/src/videos/dto/video-response.dto.ts","statementMap":{"0":{"start":{"line":1,"column":0},"end":{"line":1,"column":52}},"1":{"start":{"line":2,"column":0},"end":{"line":2,"column":46}},"2":{"start":{"line":5,"column":7},"end":{"line":58,"column":null}},"3":{"start":{"line":56,"column":4},"end":{"line":56,"column":33}},"4":{"start":{"line":5,"column":13},"end":{"line":5,"column":29}},"5":{"start":{"line":11,"column":2},"end":{"line":11,"column":null}},"6":{"start":{"line":18,"column":2},"end":{"line":18,"column":null}},"7":{"start":{"line":25,"column":2},"end":{"line":25,"column":null}},"8":{"start":{"line":32,"column":2},"end":{"line":32,"column":null}},"9":{"start":{"line":40,"column":2},"end":{"line":40,"column":null}},"10":{"start":{"line":53,"column":2},"end":{"line":53,"column":null}},"11":{"start":{"line":5,"column":13},"end":{"line":58,"column":null}}},"fnMap":{"0":{"name":"(anonymous_2)","decl":{"start":{"line":55,"column":2},"end":{"line":55,"column":14}},"loc":{"start":{"line":55,"column":48},"end":{"line":57,"column":3}}}},"branchMap":{"0":{"loc":{"start":{"line":55,"column":23},"end":{"line":55,"column":48}},"type":"cond-expr","locations":[{"start":{"line":55,"column":30},"end":{"line":55,"column":48}},{"start":{"line":55,"column":30},"end":{"line":55,"column":48}}]},"1":{"loc":{"start":{"line":55,"column":23},"end":{"line":55,"column":30}},"type":"binary-expr","locations":[{"start":{"line":55,"column":23},"end":{"line":55,"column":48}},{"start":{"line":55,"column":23},"end":{"line":55,"column":30}}]}},"s":{"0":1,"1":1,"2":1,"3":0,"4":1,"5":1,"6":1,"7":1,"8":1,"9":1,"10":1,"11":1},"f":{"0":0},"b":{"0":[0,1],"1":[1,0]}}
}
