TN:
SF:src/app.module.ts
FNF:0
FNH:0
DA:1,0
DA:2,0
DA:7,0
LF:3
LH:0
BRF:0
BRH:0
end_of_record
TN:
SF:src/main.ts
FN:6,bootstrap
FNF:1
FNH:0
FNDA:0,bootstrap
DA:1,0
DA:2,0
DA:3,0
DA:4,0
DA:7,0
DA:10,0
DA:18,0
DA:21,0
DA:32,0
DA:33,0
DA:41,0
DA:42,0
DA:43,0
DA:44,0
DA:45,0
DA:48,0
LF:16
LH:0
BRDA:41,0,0,0
BRDA:41,0,1,0
BRF:2
BRH:0
end_of_record
TN:
SF:src/videos/videos.controller.ts
FN:10,(anonymous_4)
FN:56,(anonymous_5)
FNF:2
FNH:0
FNDA:0,(anonymous_4)
FNDA:0,(anonymous_5)
DA:1,0
DA:2,0
DA:3,0
DA:4,0
DA:5,0
DA:9,0
DA:10,0
DA:56,0
DA:57,0
LF:9
LH:0
BRDA:56,0,0,0
BRDA:56,0,1,0
BRDA:56,1,0,0
BRDA:56,1,1,0
BRDA:10,2,0,0
BRDA:10,2,1,0
BRDA:10,3,0,0
BRDA:10,3,1,0
BRF:8
BRH:0
end_of_record
TN:
SF:src/videos/videos.module.ts
FNF:0
FNH:0
DA:1,0
DA:2,0
DA:3,0
DA:9,0
LF:4
LH:0
BRF:0
BRH:0
end_of_record
TN:
SF:src/videos/videos.service.ts
FN:23,(anonymous_10)
FN:25,(anonymous_11)
FN:30,(anonymous_12)
FN:41,(anonymous_13)
FN:45,(anonymous_14)
FN:69,(anonymous_15)
FN:83,(anonymous_16)
FN:105,(anonymous_17)
FN:141,(anonymous_18)
FNF:9
FNH:2
FNDA:0,(anonymous_10)
FNDA:0,(anonymous_11)
FNDA:0,(anonymous_12)
FNDA:0,(anonymous_13)
FNDA:0,(anonymous_14)
FNDA:0,(anonymous_15)
FNDA:0,(anonymous_16)
FNDA:8,(anonymous_17)
FNDA:9,(anonymous_18)
DA:1,1
DA:6,1
DA:7,1
DA:12,1
DA:16,1
DA:17,17
DA:24,0
DA:25,0
DA:28,0
DA:29,0
DA:30,0
DA:34,0
DA:36,0
DA:45,0
DA:46,0
DA:48,0
DA:50,0
DA:52,0
DA:57,0
DA:62,0
DA:64,0
DA:70,0
DA:72,0
DA:73,0
DA:74,0
DA:76,0
DA:77,0
DA:84,0
DA:85,0
DA:87,0
DA:106,8
DA:109,8
DA:113,2
DA:116,6
DA:117,6
DA:118,6
DA:121,6
DA:122,1
DA:125,5
DA:128,5
DA:129,3
DA:133,5
DA:142,9
DA:143,9
DA:144,9
DA:146,9
DA:147,9
DA:148,9
DA:149,9
DA:150,9
DA:151,9
DA:153,9
DA:154,2
DA:156,7
DA:157,2
DA:159,5
DA:160,2
DA:162,3
DA:163,0
DA:165,3
DA:166,2
DA:168,1
LF:62
LH:37
BRDA:23,0,0,0
BRDA:28,1,0,0
BRDA:28,1,1,0
BRDA:34,2,0,0
BRDA:34,2,1,0
BRDA:46,3,0,0
BRDA:46,3,1,0
BRDA:46,3,2,0
BRDA:46,3,3,0
BRDA:46,3,4,0
BRDA:46,3,5,0
BRDA:109,4,0,2
BRDA:109,4,1,6
BRDA:110,5,0,8
BRDA:110,5,1,6
BRDA:121,6,0,1
BRDA:121,6,1,5
BRDA:128,7,0,3
BRDA:128,7,1,2
BRDA:153,8,0,2
BRDA:153,8,1,7
BRDA:154,9,0,1
BRDA:154,9,1,1
BRDA:156,10,0,2
BRDA:156,10,1,5
BRDA:157,11,0,1
BRDA:157,11,1,1
BRDA:159,12,0,2
BRDA:159,12,1,3
BRDA:160,13,0,1
BRDA:160,13,1,1
BRDA:162,14,0,0
BRDA:162,14,1,3
BRDA:163,15,0,0
BRDA:163,15,1,0
BRDA:165,16,0,2
BRDA:165,16,1,1
BRDA:166,17,0,1
BRDA:166,17,1,1
BRF:39
BRH:25
end_of_record
TN:
SF:src/videos/dto/video-query.dto.ts
FNF:0
FNH:0
DA:1,0
DA:2,0
DA:11,0
DA:19,0
DA:27,0
LF:5
LH:0
BRF:0
BRH:0
end_of_record
TN:
SF:src/videos/dto/video-response.dto.ts
FN:55,(anonymous_2)
FNF:1
FNH:0
FNDA:0,(anonymous_2)
DA:1,1
DA:2,1
DA:5,1
DA:11,1
DA:18,1
DA:25,1
DA:32,1
DA:40,1
DA:53,1
DA:56,0
LF:10
LH:9
BRDA:55,0,0,0
BRDA:55,0,1,1
BRDA:55,1,0,1
BRDA:55,1,1,0
BRF:4
BRH:2
end_of_record
